<?xml version="1.0" encoding="UTF-8"?>
<testng-results ignored="0" total="0" passed="0" failed="0" skipped="0">
  <reporter-output>
  </reporter-output>
  <suite started-at="2024-12-10T11:55:46 IST" name="Default suite" finished-at="2024-12-10T11:55:47 IST" duration-ms="545">
    <groups>
    </groups>
    <test started-at="2024-12-10T11:55:46 IST" name="Default test" finished-at="2024-12-10T11:55:47 IST" duration-ms="545">
      <class name="Utilities.ExReport">
        <test-method is-config="true" signature="setExtent()[pri:0, instance:Utilities.ExReport@5a5a729f]" started-at="2024-12-10T11:55:46 IST" name="setExtent" finished-at="2024-12-10T11:55:47 IST" duration-ms="225" status="PASS">
          <reporter-output>
          </reporter-output>
        </test-method> <!-- setExtent -->
        <test-method is-config="true" signature="endReport()[pri:0, instance:Utilities.ExReport@5a5a729f]" started-at="2024-12-10T11:55:47 IST" name="endReport" finished-at="2024-12-10T11:55:47 IST" duration-ms="302" status="PASS">
          <reporter-output>
          </reporter-output>
        </test-method> <!-- endReport -->
      </class> <!-- Utilities.ExReport -->
    </test> <!-- Default test -->
  </suite> <!-- Default suite -->
</testng-results>
